04:55:56 **** Incremental Build of configuration Debug for project Mini_Project3 ****
make all 
Invoking: Print Size
avr-size --format=avr --mcu=atmega32 Mini_Project3.elf
AVR Memory Usage
----------------
Device: atmega32

Program:   10198 bytes (31.1% Full)
(.text + .data + .bootloader)

Data:        322 bytes (15.7% Full)
(.data + .bss + .noinit)


Finished building: sizedummy
 
04:55:59 **** Incremental Build of configuration Debug for project Mini_Project3 ****
make all 
Invoking: Print Size
avr-size --format=avr --mcu=atmega32 Mini_Project3.elf
AVR Memory Usage
----------------
Device: atmega32

Program:   10198 bytes (31.1% Full)
(.text + .data + .bootloader)

Data:        322 bytes (15.7% Full)
(.data + .bss + .noinit)


Finished building: sizedummy
 
